	.text
	.syntax unified
	.eabi_attribute	67, "2.09"	@ Tag_conformance
	.cpu	cortex-m33
	.eabi_attribute	6, 17	@ Tag_CPU_arch
	.eabi_attribute	7, 77	@ Tag_CPU_arch_profile
	.eabi_attribute	8, 0	@ Tag_ARM_ISA_use
	.eabi_attribute	9, 3	@ Tag_THUMB_ISA_use
	.fpu	fpv5-sp-d16
	.eabi_attribute	27, 1	@ Tag_ABI_HardFP_use
	.eabi_attribute	36, 1	@ Tag_FP_HP_extension
	.eabi_attribute	46, 1	@ Tag_DSP_extension
	.eabi_attribute	34, 1	@ Tag_CPU_unaligned_access
	.eabi_attribute	17, 1	@ Tag_ABI_PCS_GOT_use
	.eabi_attribute	20, 2	@ Tag_ABI_FP_denormal
	.eabi_attribute	21, 0	@ Tag_ABI_FP_exceptions
	.eabi_attribute	23, 1	@ Tag_ABI_FP_number_model
	.eabi_attribute	24, 1	@ Tag_ABI_align_needed
	.eabi_attribute	25, 1	@ Tag_ABI_align_preserved
	.eabi_attribute	28, 1	@ Tag_ABI_VFP_args
	.eabi_attribute	38, 1	@ Tag_ABI_FP_16bit_format
	.eabi_attribute	18, 2	@ Tag_ABI_PCS_wchar_t
	.eabi_attribute	26, 1	@ Tag_ABI_enum_size
	.eabi_attribute	14, 0	@ Tag_ABI_PCS_R9_use
	.file	"cfa.c"
	.file	1 "C:\\Users\\aj4775\\AppData\\Local\\Keil_v5\\ARM\\ARMCLANG\\bin\\..\\include" "stdint.h"
	.file	2 "P:\\Workspace\\Git\\MTB_CFA\\IOTKit_CM33_S_NS\\IOTKit_CM33_s" "cfa.c"
	.file	3 "P:\\Workspace\\Git\\MTB_CFA\\IOTKit_CM33_S_NS\\IOTKit_CM33_s" ".\\cfa.h"
	.section	.text.vCFA_copy_report,"ax",%progbits
	.hidden	vCFA_copy_report                @ -- Begin function vCFA_copy_report
	.globl	vCFA_copy_report
	.p2align	2
	.type	vCFA_copy_report,%function
	.code	16                              @ @vCFA_copy_report
	.thumb_func
vCFA_copy_report:
.Lfunc_begin0:
	.loc	2 14 0                          @ cfa.c:14:0
	.fnstart
	.cfi_sections .debug_frame
	.cfi_startproc
@ %bb.0:
	.save	{r7, lr}
	push	{r7, lr}
	.cfi_def_cfa_offset 8
	.cfi_offset lr, -4
	.cfi_offset r7, -8
	.pad	#16
	sub	sp, #16
	.cfi_def_cfa_offset 24
	str	r0, [sp, #8]
.Ltmp0:
	.loc	2 16 16 prologue_end            @ cfa.c:16:16
	ldr	r0, [sp, #8]
	.loc	2 16 9 is_stmt 0                @ cfa.c:16:9
	str	r0, [sp, #4]                    @ 4-byte Spill
	movw	r1, :lower16:report_s
	movt	r1, :upper16:report_s
	mov.w	r2, #572
	bl	__aeabi_memcpy
.Ltmp1:
                                        @ kill: def $r1 killed $r0
	.loc	2 16 9                          @ cfa.c:16:9
	ldr	r0, [sp, #4]                    @ 4-byte Reload
	cbnz	r0, .LBB0_2
	b	.LBB0_1
.LBB0_1:
	.loc	2 0 9                           @ cfa.c:0:9
	movs	r0, #100
.Ltmp2:
	.loc	2 18 9 is_stmt 1                @ cfa.c:18:9
	strb.w	r0, [sp, #15]
	b	.LBB0_3
.Ltmp3:
.LBB0_2:
	.loc	2 0 9 is_stmt 0                 @ cfa.c:0:9
	movs	r0, #2
	.loc	2 20 5 is_stmt 1                @ cfa.c:20:5
	strb.w	r0, [sp, #15]
	b	.LBB0_3
.LBB0_3:
	.loc	2 21 1                          @ cfa.c:21:1
	ldrb.w	r0, [sp, #15]
	.loc	2 21 1 epilogue_begin is_stmt 0 @ cfa.c:21:1
	add	sp, #16
	pop	{r7, pc}
.Ltmp4:
.Lfunc_end0:
	.size	vCFA_copy_report, .Lfunc_end0-vCFA_copy_report
	.cfi_endproc
	.cantunwind
	.fnend
                                        @ -- End function
	.section	.text.vDebug_send_report_to_UART,"ax",%progbits
	.hidden	vDebug_send_report_to_UART      @ -- Begin function vDebug_send_report_to_UART
	.globl	vDebug_send_report_to_UART
	.p2align	2
	.type	vDebug_send_report_to_UART,%function
	.code	16                              @ @vDebug_send_report_to_UART
	.thumb_func
vDebug_send_report_to_UART:
.Lfunc_begin1:
	.fnstart
	.cfi_startproc
@ %bb.0:
	.loc	2 25 1 prologue_end is_stmt 1   @ cfa.c:25:1
	bx	lr
.Ltmp5:
.Lfunc_end1:
	.size	vDebug_send_report_to_UART, .Lfunc_end1-vDebug_send_report_to_UART
	.cfi_endproc
	.cantunwind
	.fnend
                                        @ -- End function
	.section	.text.vCFA_add_log,"ax",%progbits
	.hidden	vCFA_add_log                    @ -- Begin function vCFA_add_log
	.globl	vCFA_add_log
	.p2align	2
	.type	vCFA_add_log,%function
	.code	16                              @ @vCFA_add_log
	.thumb_func
vCFA_add_log:
.Lfunc_begin2:
	.fnstart
	.cfi_startproc
@ %bb.0:
	.loc	2 29 1 prologue_end             @ cfa.c:29:1
	bx	lr
.Ltmp6:
.Lfunc_end2:
	.size	vCFA_add_log, .Lfunc_end2-vCFA_add_log
	.cfi_endproc
	.cantunwind
	.fnend
                                        @ -- End function
	.section	.text.eCFA_init_cfa,"ax",%progbits
	.hidden	eCFA_init_cfa                   @ -- Begin function eCFA_init_cfa
	.globl	eCFA_init_cfa
	.p2align	2
	.type	eCFA_init_cfa,%function
	.code	16                              @ @eCFA_init_cfa
	.thumb_func
eCFA_init_cfa:
.Lfunc_begin3:
	.loc	2 32 0                          @ cfa.c:32:0
	.fnstart
	.cfi_startproc
@ %bb.0:
	.save	{r7, lr}
	push	{r7, lr}
	.cfi_def_cfa_offset 8
	.cfi_offset lr, -4
	.cfi_offset r7, -8
	.pad	#16
	sub	sp, #16
	.cfi_def_cfa_offset 24
	str	r0, [sp, #8]
.Ltmp7:
	.loc	2 35 5 prologue_end             @ cfa.c:35:5
	movw	r0, :lower16:.L.str
	movt	r0, :upper16:.L.str
	bl	printf
	.loc	2 38 5                          @ cfa.c:38:5
	ldr	r1, [sp, #8]
	movs	r0, #1
	.loc	2 38 23 is_stmt 0               @ cfa.c:38:23
	strb	r0, [r1]
.Ltmp8:
	.loc	2 40 15 is_stmt 1               @ cfa.c:40:15
	ldr	r0, [sp, #8]
	.loc	2 40 26 is_stmt 0               @ cfa.c:40:26
	adds	r0, #1
	.loc	2 40 8                          @ cfa.c:40:8
	movw	r1, :lower16:report_s
	movt	r1, :upper16:report_s
	adds	r1, #1
	movs	r2, #112
	bl	memcmp
.Ltmp9:
	.loc	2 40 8                          @ cfa.c:40:8
	cbz	r0, .LBB3_2
	b	.LBB3_1
.LBB3_1:
.Ltmp10:
	.loc	2 42 9 is_stmt 1                @ cfa.c:42:9
	ldr	r1, [sp, #8]
	movs	r0, #101
	.loc	2 42 27 is_stmt 0               @ cfa.c:42:27
	strb	r0, [r1]
	.loc	2 43 9 is_stmt 1                @ cfa.c:43:9
	strb.w	r0, [sp, #15]
	b	.LBB3_5
.Ltmp11:
.LBB3_2:
	.loc	2 47 12                         @ cfa.c:47:12
	ldr	r0, [sp, #8]
	mov.w	r1, #572
	.loc	2 47 5 is_stmt 0                @ cfa.c:47:5
	bl	__aeabi_memclr
	.loc	2 55 5 is_stmt 1                @ cfa.c:55:5
	movw	r0, :lower16:.L.str.1
	movt	r0, :upper16:.L.str.1
	bl	printf
	.loc	2 57 5                          @ cfa.c:57:5
	movw	r0, :lower16:fNSFunc
	movt	r0, :upper16:fNSFunc
	ldr	r0, [r0]
	push.w	{r4, r5, r6, r7, r8, r9, r10, r11}
	bic	r0, r0, #1
	sub	sp, #136
	vlstm	sp, {d0 - d15}
	mov	r1, r0
	mov	r2, r0
	mov	r3, r0
	mov	r4, r0
	mov	r5, r0
	mov	r6, r0
	mov	r7, r0
	mov	r8, r0
	mov	r9, r0
	mov	r10, r0
	mov	r11, r0
	mov	r12, r0
	msr	apsr_nzcvqg, r0
	blxns	r0
	mrs	r12, control
	tst.w	r12, #8
	it	ne
	vmovne.f32	s0, s0
	vlldm	sp, {d0 - d15}
	add	sp, #136
	pop.w	{r4, r5, r6, r7, r8, r9, r10, r11}
	.loc	2 58 5                          @ cfa.c:58:5
	movw	r0, :lower16:.L.str.2
	movt	r0, :upper16:.L.str.2
	bl	printf
.Ltmp12:
	.loc	2 64 25                         @ cfa.c:64:25
	ldr	r0, [sp, #8]
	.loc	2 64 8 is_stmt 0                @ cfa.c:64:8
	bl	vCFA_copy_report
.Ltmp13:
	.loc	2 64 8                          @ cfa.c:64:8
	cmp	r0, #100
	bne	.LBB3_4
	b	.LBB3_3
.LBB3_3:
.Ltmp14:
	.loc	2 66 9 is_stmt 1                @ cfa.c:66:9
	ldr	r1, [sp, #8]
	movs	r0, #100
	.loc	2 66 27 is_stmt 0               @ cfa.c:66:27
	strb	r0, [r1]
	.loc	2 67 9 is_stmt 1                @ cfa.c:67:9
	strb.w	r0, [sp, #15]
	b	.LBB3_5
.Ltmp15:
.LBB3_4:
	.loc	2 70 5                          @ cfa.c:70:5
	ldr	r1, [sp, #8]
	movs	r0, #2
	.loc	2 70 23 is_stmt 0               @ cfa.c:70:23
	str	r0, [sp, #4]                    @ 4-byte Spill
	strb	r0, [r1]
	.loc	2 72 5 is_stmt 1                @ cfa.c:72:5
	bl	vDebug_send_report_to_UART
	.loc	2 74 5                          @ cfa.c:74:5
	movw	r0, :lower16:.L.str.3
	movt	r0, :upper16:.L.str.3
	bl	printf
                                        @ kill: def $r1 killed $r0
	.loc	2 76 5                          @ cfa.c:76:5
	ldr	r0, [sp, #4]                    @ 4-byte Reload
	strb.w	r0, [sp, #15]
	b	.LBB3_5
.LBB3_5:
	.loc	2 77 1                          @ cfa.c:77:1
	ldrb.w	r0, [sp, #15]
	.loc	2 77 1 epilogue_begin is_stmt 0 @ cfa.c:77:1
	add	sp, #16
	pop	{r7, pc}
.Ltmp16:
.Lfunc_end3:
	.size	eCFA_init_cfa, .Lfunc_end3-eCFA_init_cfa
	.cfi_endproc
	.cantunwind
	.fnend
                                        @ -- End function
	.hidden	attestationKey                  @ @attestationKey
	.type	attestationKey,%object
	.section	.bss.attestationKey,"aw",%nobits
	.globl	attestationKey
attestationKey:
	.zero	32
	.size	attestationKey, 32

	.hidden	report_s                        @ @report_s
	.type	report_s,%object
	.section	.bss.report_s,"aw",%nobits
	.globl	report_s
	.p2align	1, 0x0
report_s:
	.zero	572
	.size	report_s, 572

	.type	.L.str,%object                  @ @.str
	.section	.rodata.str1.1,"aMS",%progbits,1
.L.str:
	.asciz	"[LOG] CFA funtion entry\n"
	.size	.L.str, 25

	.type	.L.str.1,%object                @ @.str.1
.L.str.1:
	.asciz	"[LOG] CFA Calling Non Secure Function\n"
	.size	.L.str.1, 39

	.type	.L.str.2,%object                @ @.str.2
.L.str.2:
	.asciz	"[LOG] CFA Returned from Non Secure Function\n"
	.size	.L.str.2, 45

	.type	.L.str.3,%object                @ @.str.3
.L.str.3:
	.asciz	"[LOG] CFA funtion exit\n"
	.size	.L.str.3, 24

	.section	.debug_abbrev,"",%progbits
	.byte	1                               @ Abbreviation Code
	.byte	17                              @ DW_TAG_compile_unit
	.byte	1                               @ DW_CHILDREN_yes
	.byte	37                              @ DW_AT_producer
	.byte	14                              @ DW_FORM_strp
	.byte	19                              @ DW_AT_language
	.byte	5                               @ DW_FORM_data2
	.byte	3                               @ DW_AT_name
	.byte	14                              @ DW_FORM_strp
	.byte	16                              @ DW_AT_stmt_list
	.byte	23                              @ DW_FORM_sec_offset
	.byte	27                              @ DW_AT_comp_dir
	.byte	14                              @ DW_FORM_strp
	.byte	17                              @ DW_AT_low_pc
	.byte	1                               @ DW_FORM_addr
	.byte	85                              @ DW_AT_ranges
	.byte	23                              @ DW_FORM_sec_offset
	.byte	0                               @ EOM(1)
	.byte	0                               @ EOM(2)
	.byte	2                               @ Abbreviation Code
	.byte	52                              @ DW_TAG_variable
	.byte	0                               @ DW_CHILDREN_no
	.byte	3                               @ DW_AT_name
	.byte	14                              @ DW_FORM_strp
	.byte	73                              @ DW_AT_type
	.byte	19                              @ DW_FORM_ref4
	.byte	63                              @ DW_AT_external
	.byte	25                              @ DW_FORM_flag_present
	.byte	58                              @ DW_AT_decl_file
	.byte	11                              @ DW_FORM_data1
	.byte	59                              @ DW_AT_decl_line
	.byte	11                              @ DW_FORM_data1
	.byte	2                               @ DW_AT_location
	.byte	24                              @ DW_FORM_exprloc
	.byte	0                               @ EOM(1)
	.byte	0                               @ EOM(2)
	.byte	3                               @ Abbreviation Code
	.byte	1                               @ DW_TAG_array_type
	.byte	1                               @ DW_CHILDREN_yes
	.byte	73                              @ DW_AT_type
	.byte	19                              @ DW_FORM_ref4
	.byte	0                               @ EOM(1)
	.byte	0                               @ EOM(2)
	.byte	4                               @ Abbreviation Code
	.byte	33                              @ DW_TAG_subrange_type
	.byte	0                               @ DW_CHILDREN_no
	.byte	73                              @ DW_AT_type
	.byte	19                              @ DW_FORM_ref4
	.byte	55                              @ DW_AT_count
	.byte	11                              @ DW_FORM_data1
	.byte	0                               @ EOM(1)
	.byte	0                               @ EOM(2)
	.byte	5                               @ Abbreviation Code
	.byte	22                              @ DW_TAG_typedef
	.byte	0                               @ DW_CHILDREN_no
	.byte	73                              @ DW_AT_type
	.byte	19                              @ DW_FORM_ref4
	.byte	3                               @ DW_AT_name
	.byte	14                              @ DW_FORM_strp
	.byte	58                              @ DW_AT_decl_file
	.byte	11                              @ DW_FORM_data1
	.byte	59                              @ DW_AT_decl_line
	.byte	11                              @ DW_FORM_data1
	.byte	0                               @ EOM(1)
	.byte	0                               @ EOM(2)
	.byte	6                               @ Abbreviation Code
	.byte	36                              @ DW_TAG_base_type
	.byte	0                               @ DW_CHILDREN_no
	.byte	3                               @ DW_AT_name
	.byte	14                              @ DW_FORM_strp
	.byte	62                              @ DW_AT_encoding
	.byte	11                              @ DW_FORM_data1
	.byte	11                              @ DW_AT_byte_size
	.byte	11                              @ DW_FORM_data1
	.byte	0                               @ EOM(1)
	.byte	0                               @ EOM(2)
	.byte	7                               @ Abbreviation Code
	.byte	36                              @ DW_TAG_base_type
	.byte	0                               @ DW_CHILDREN_no
	.byte	3                               @ DW_AT_name
	.byte	14                              @ DW_FORM_strp
	.byte	11                              @ DW_AT_byte_size
	.byte	11                              @ DW_FORM_data1
	.byte	62                              @ DW_AT_encoding
	.byte	11                              @ DW_FORM_data1
	.byte	0                               @ EOM(1)
	.byte	0                               @ EOM(2)
	.byte	8                               @ Abbreviation Code
	.byte	52                              @ DW_TAG_variable
	.byte	0                               @ DW_CHILDREN_no
	.byte	73                              @ DW_AT_type
	.byte	19                              @ DW_FORM_ref4
	.byte	58                              @ DW_AT_decl_file
	.byte	11                              @ DW_FORM_data1
	.byte	59                              @ DW_AT_decl_line
	.byte	11                              @ DW_FORM_data1
	.byte	2                               @ DW_AT_location
	.byte	24                              @ DW_FORM_exprloc
	.byte	0                               @ EOM(1)
	.byte	0                               @ EOM(2)
	.byte	9                               @ Abbreviation Code
	.byte	19                              @ DW_TAG_structure_type
	.byte	1                               @ DW_CHILDREN_yes
	.byte	3                               @ DW_AT_name
	.byte	14                              @ DW_FORM_strp
	.byte	11                              @ DW_AT_byte_size
	.byte	5                               @ DW_FORM_data2
	.byte	58                              @ DW_AT_decl_file
	.byte	11                              @ DW_FORM_data1
	.byte	59                              @ DW_AT_decl_line
	.byte	11                              @ DW_FORM_data1
	.byte	0                               @ EOM(1)
	.byte	0                               @ EOM(2)
	.byte	10                              @ Abbreviation Code
	.byte	13                              @ DW_TAG_member
	.byte	0                               @ DW_CHILDREN_no
	.byte	3                               @ DW_AT_name
	.byte	14                              @ DW_FORM_strp
	.byte	73                              @ DW_AT_type
	.byte	19                              @ DW_FORM_ref4
	.byte	58                              @ DW_AT_decl_file
	.byte	11                              @ DW_FORM_data1
	.byte	59                              @ DW_AT_decl_line
	.byte	11                              @ DW_FORM_data1
	.byte	56                              @ DW_AT_data_member_location
	.byte	11                              @ DW_FORM_data1
	.byte	0                               @ EOM(1)
	.byte	0                               @ EOM(2)
	.byte	11                              @ Abbreviation Code
	.byte	33                              @ DW_TAG_subrange_type
	.byte	0                               @ DW_CHILDREN_no
	.byte	73                              @ DW_AT_type
	.byte	19                              @ DW_FORM_ref4
	.byte	55                              @ DW_AT_count
	.byte	5                               @ DW_FORM_data2
	.byte	0                               @ EOM(1)
	.byte	0                               @ EOM(2)
	.byte	12                              @ Abbreviation Code
	.byte	46                              @ DW_TAG_subprogram
	.byte	1                               @ DW_CHILDREN_yes
	.byte	17                              @ DW_AT_low_pc
	.byte	1                               @ DW_FORM_addr
	.byte	18                              @ DW_AT_high_pc
	.byte	6                               @ DW_FORM_data4
	.byte	64                              @ DW_AT_frame_base
	.byte	24                              @ DW_FORM_exprloc
	.byte	3                               @ DW_AT_name
	.byte	14                              @ DW_FORM_strp
	.byte	58                              @ DW_AT_decl_file
	.byte	11                              @ DW_FORM_data1
	.byte	59                              @ DW_AT_decl_line
	.byte	11                              @ DW_FORM_data1
	.byte	39                              @ DW_AT_prototyped
	.byte	25                              @ DW_FORM_flag_present
	.byte	73                              @ DW_AT_type
	.byte	19                              @ DW_FORM_ref4
	.byte	63                              @ DW_AT_external
	.byte	25                              @ DW_FORM_flag_present
	.byte	0                               @ EOM(1)
	.byte	0                               @ EOM(2)
	.byte	13                              @ Abbreviation Code
	.byte	5                               @ DW_TAG_formal_parameter
	.byte	0                               @ DW_CHILDREN_no
	.byte	2                               @ DW_AT_location
	.byte	24                              @ DW_FORM_exprloc
	.byte	3                               @ DW_AT_name
	.byte	14                              @ DW_FORM_strp
	.byte	58                              @ DW_AT_decl_file
	.byte	11                              @ DW_FORM_data1
	.byte	59                              @ DW_AT_decl_line
	.byte	11                              @ DW_FORM_data1
	.byte	73                              @ DW_AT_type
	.byte	19                              @ DW_FORM_ref4
	.byte	0                               @ EOM(1)
	.byte	0                               @ EOM(2)
	.byte	14                              @ Abbreviation Code
	.byte	46                              @ DW_TAG_subprogram
	.byte	0                               @ DW_CHILDREN_no
	.byte	17                              @ DW_AT_low_pc
	.byte	1                               @ DW_FORM_addr
	.byte	18                              @ DW_AT_high_pc
	.byte	6                               @ DW_FORM_data4
	.byte	64                              @ DW_AT_frame_base
	.byte	24                              @ DW_FORM_exprloc
	.byte	3                               @ DW_AT_name
	.byte	14                              @ DW_FORM_strp
	.byte	58                              @ DW_AT_decl_file
	.byte	11                              @ DW_FORM_data1
	.byte	59                              @ DW_AT_decl_line
	.byte	11                              @ DW_FORM_data1
	.byte	63                              @ DW_AT_external
	.byte	25                              @ DW_FORM_flag_present
	.byte	0                               @ EOM(1)
	.byte	0                               @ EOM(2)
	.byte	15                              @ Abbreviation Code
	.byte	15                              @ DW_TAG_pointer_type
	.byte	0                               @ DW_CHILDREN_no
	.byte	73                              @ DW_AT_type
	.byte	19                              @ DW_FORM_ref4
	.byte	0                               @ EOM(1)
	.byte	0                               @ EOM(2)
	.byte	0                               @ EOM(3)
	.section	.debug_info,"",%progbits
.Lcu_begin0:
	.long	.Ldebug_info_end0-.Ldebug_info_start0 @ Length of Unit
.Ldebug_info_start0:
	.short	4                               @ DWARF version number
	.long	.debug_abbrev                   @ Offset Into Abbrev. Section
	.byte	4                               @ Address Size (in bytes)
	.byte	1                               @ Abbrev [1] 0xb:0x1c4 DW_TAG_compile_unit
	.long	.Linfo_string0                  @ DW_AT_producer
	.short	29                              @ DW_AT_language
	.long	.Linfo_string1                  @ DW_AT_name
	.long	.Lline_table_start0             @ DW_AT_stmt_list
	.long	.Linfo_string2                  @ DW_AT_comp_dir
	.long	0                               @ DW_AT_low_pc
	.long	.Ldebug_ranges0                 @ DW_AT_ranges
	.byte	2                               @ Abbrev [2] 0x26:0x11 DW_TAG_variable
	.long	.Linfo_string3                  @ DW_AT_name
	.long	55                              @ DW_AT_type
                                        @ DW_AT_external
	.byte	2                               @ DW_AT_decl_file
	.byte	10                              @ DW_AT_decl_line
	.byte	5                               @ DW_AT_location
	.byte	3
	.long	attestationKey
	.byte	3                               @ Abbrev [3] 0x37:0xc DW_TAG_array_type
	.long	67                              @ DW_AT_type
	.byte	4                               @ Abbrev [4] 0x3c:0x6 DW_TAG_subrange_type
	.long	85                              @ DW_AT_type
	.byte	32                              @ DW_AT_count
	.byte	0                               @ End Of Children Mark
	.byte	5                               @ Abbrev [5] 0x43:0xb DW_TAG_typedef
	.long	78                              @ DW_AT_type
	.long	.Linfo_string5                  @ DW_AT_name
	.byte	1                               @ DW_AT_decl_file
	.byte	62                              @ DW_AT_decl_line
	.byte	6                               @ Abbrev [6] 0x4e:0x7 DW_TAG_base_type
	.long	.Linfo_string4                  @ DW_AT_name
	.byte	8                               @ DW_AT_encoding
	.byte	1                               @ DW_AT_byte_size
	.byte	7                               @ Abbrev [7] 0x55:0x7 DW_TAG_base_type
	.long	.Linfo_string6                  @ DW_AT_name
	.byte	8                               @ DW_AT_byte_size
	.byte	7                               @ DW_AT_encoding
	.byte	8                               @ Abbrev [8] 0x5c:0xd DW_TAG_variable
	.long	105                             @ DW_AT_type
	.byte	2                               @ DW_AT_decl_file
	.byte	35                              @ DW_AT_decl_line
	.byte	5                               @ DW_AT_location
	.byte	3
	.long	.L.str
	.byte	3                               @ Abbrev [3] 0x69:0xc DW_TAG_array_type
	.long	117                             @ DW_AT_type
	.byte	4                               @ Abbrev [4] 0x6e:0x6 DW_TAG_subrange_type
	.long	85                              @ DW_AT_type
	.byte	25                              @ DW_AT_count
	.byte	0                               @ End Of Children Mark
	.byte	6                               @ Abbrev [6] 0x75:0x7 DW_TAG_base_type
	.long	.Linfo_string7                  @ DW_AT_name
	.byte	8                               @ DW_AT_encoding
	.byte	1                               @ DW_AT_byte_size
	.byte	8                               @ Abbrev [8] 0x7c:0xd DW_TAG_variable
	.long	137                             @ DW_AT_type
	.byte	2                               @ DW_AT_decl_file
	.byte	55                              @ DW_AT_decl_line
	.byte	5                               @ DW_AT_location
	.byte	3
	.long	.L.str.1
	.byte	3                               @ Abbrev [3] 0x89:0xc DW_TAG_array_type
	.long	117                             @ DW_AT_type
	.byte	4                               @ Abbrev [4] 0x8e:0x6 DW_TAG_subrange_type
	.long	85                              @ DW_AT_type
	.byte	39                              @ DW_AT_count
	.byte	0                               @ End Of Children Mark
	.byte	8                               @ Abbrev [8] 0x95:0xd DW_TAG_variable
	.long	162                             @ DW_AT_type
	.byte	2                               @ DW_AT_decl_file
	.byte	58                              @ DW_AT_decl_line
	.byte	5                               @ DW_AT_location
	.byte	3
	.long	.L.str.2
	.byte	3                               @ Abbrev [3] 0xa2:0xc DW_TAG_array_type
	.long	117                             @ DW_AT_type
	.byte	4                               @ Abbrev [4] 0xa7:0x6 DW_TAG_subrange_type
	.long	85                              @ DW_AT_type
	.byte	45                              @ DW_AT_count
	.byte	0                               @ End Of Children Mark
	.byte	8                               @ Abbrev [8] 0xae:0xd DW_TAG_variable
	.long	187                             @ DW_AT_type
	.byte	2                               @ DW_AT_decl_file
	.byte	74                              @ DW_AT_decl_line
	.byte	5                               @ DW_AT_location
	.byte	3
	.long	.L.str.3
	.byte	3                               @ Abbrev [3] 0xbb:0xc DW_TAG_array_type
	.long	117                             @ DW_AT_type
	.byte	4                               @ Abbrev [4] 0xc0:0x6 DW_TAG_subrange_type
	.long	85                              @ DW_AT_type
	.byte	24                              @ DW_AT_count
	.byte	0                               @ End Of Children Mark
	.byte	2                               @ Abbrev [2] 0xc7:0x11 DW_TAG_variable
	.long	.Linfo_string8                  @ DW_AT_name
	.long	216                             @ DW_AT_type
                                        @ DW_AT_external
	.byte	2                               @ DW_AT_decl_file
	.byte	7                               @ DW_AT_decl_line
	.byte	5                               @ DW_AT_location
	.byte	3
	.long	report_s
	.byte	5                               @ Abbrev [5] 0xd8:0xb DW_TAG_typedef
	.long	227                             @ DW_AT_type
	.long	.Linfo_string16                 @ DW_AT_name
	.byte	3                               @ DW_AT_decl_file
	.byte	23                              @ DW_AT_decl_line
	.byte	9                               @ Abbrev [9] 0xe3:0x46 DW_TAG_structure_type
	.long	.Linfo_string16                 @ DW_AT_name
	.short	572                             @ DW_AT_byte_size
	.byte	3                               @ DW_AT_decl_file
	.byte	17                              @ DW_AT_decl_line
	.byte	10                              @ Abbrev [10] 0xec:0xc DW_TAG_member
	.long	.Linfo_string9                  @ DW_AT_name
	.long	67                              @ DW_AT_type
	.byte	3                               @ DW_AT_decl_file
	.byte	18                              @ DW_AT_decl_line
	.byte	0                               @ DW_AT_data_member_location
	.byte	10                              @ Abbrev [10] 0xf8:0xc DW_TAG_member
	.long	.Linfo_string10                 @ DW_AT_name
	.long	297                             @ DW_AT_type
	.byte	3                               @ DW_AT_decl_file
	.byte	19                              @ DW_AT_decl_line
	.byte	1                               @ DW_AT_data_member_location
	.byte	10                              @ Abbrev [10] 0x104:0xc DW_TAG_member
	.long	.Linfo_string11                 @ DW_AT_name
	.long	297                             @ DW_AT_type
	.byte	3                               @ DW_AT_decl_file
	.byte	20                              @ DW_AT_decl_line
	.byte	29                              @ DW_AT_data_member_location
	.byte	10                              @ Abbrev [10] 0x110:0xc DW_TAG_member
	.long	.Linfo_string12                 @ DW_AT_name
	.long	309                             @ DW_AT_type
	.byte	3                               @ DW_AT_decl_file
	.byte	21                              @ DW_AT_decl_line
	.byte	58                              @ DW_AT_data_member_location
	.byte	10                              @ Abbrev [10] 0x11c:0xc DW_TAG_member
	.long	.Linfo_string15                 @ DW_AT_name
	.long	327                             @ DW_AT_type
	.byte	3                               @ DW_AT_decl_file
	.byte	22                              @ DW_AT_decl_line
	.byte	60                              @ DW_AT_data_member_location
	.byte	0                               @ End Of Children Mark
	.byte	3                               @ Abbrev [3] 0x129:0xc DW_TAG_array_type
	.long	67                              @ DW_AT_type
	.byte	4                               @ Abbrev [4] 0x12e:0x6 DW_TAG_subrange_type
	.long	85                              @ DW_AT_type
	.byte	28                              @ DW_AT_count
	.byte	0                               @ End Of Children Mark
	.byte	5                               @ Abbrev [5] 0x135:0xb DW_TAG_typedef
	.long	320                             @ DW_AT_type
	.long	.Linfo_string14                 @ DW_AT_name
	.byte	1                               @ DW_AT_decl_file
	.byte	63                              @ DW_AT_decl_line
	.byte	6                               @ Abbrev [6] 0x140:0x7 DW_TAG_base_type
	.long	.Linfo_string13                 @ DW_AT_name
	.byte	7                               @ DW_AT_encoding
	.byte	2                               @ DW_AT_byte_size
	.byte	3                               @ Abbrev [3] 0x147:0xd DW_TAG_array_type
	.long	67                              @ DW_AT_type
	.byte	11                              @ Abbrev [11] 0x14c:0x7 DW_TAG_subrange_type
	.long	85                              @ DW_AT_type
	.short	512                             @ DW_AT_count
	.byte	0                               @ End Of Children Mark
	.byte	12                              @ Abbrev [12] 0x154:0x24 DW_TAG_subprogram
	.long	.Lfunc_begin0                   @ DW_AT_low_pc
	.long	.Lfunc_end0-.Lfunc_begin0       @ DW_AT_high_pc
	.byte	1                               @ DW_AT_frame_base
	.byte	93
	.long	.Linfo_string17                 @ DW_AT_name
	.byte	2                               @ DW_AT_decl_file
	.byte	14                              @ DW_AT_decl_line
                                        @ DW_AT_prototyped
	.long	446                             @ DW_AT_type
                                        @ DW_AT_external
	.byte	13                              @ Abbrev [13] 0x169:0xe DW_TAG_formal_parameter
	.byte	2                               @ DW_AT_location
	.byte	145
	.byte	8
	.long	.Linfo_string22                 @ DW_AT_name
	.byte	2                               @ DW_AT_decl_file
	.byte	14                              @ DW_AT_decl_line
	.long	457                             @ DW_AT_type
	.byte	0                               @ End Of Children Mark
	.byte	14                              @ Abbrev [14] 0x178:0x11 DW_TAG_subprogram
	.long	.Lfunc_begin1                   @ DW_AT_low_pc
	.long	.Lfunc_end1-.Lfunc_begin1       @ DW_AT_high_pc
	.byte	1                               @ DW_AT_frame_base
	.byte	93
	.long	.Linfo_string19                 @ DW_AT_name
	.byte	2                               @ DW_AT_decl_file
	.byte	23                              @ DW_AT_decl_line
                                        @ DW_AT_external
	.byte	14                              @ Abbrev [14] 0x189:0x11 DW_TAG_subprogram
	.long	.Lfunc_begin2                   @ DW_AT_low_pc
	.long	.Lfunc_end2-.Lfunc_begin2       @ DW_AT_high_pc
	.byte	1                               @ DW_AT_frame_base
	.byte	93
	.long	.Linfo_string20                 @ DW_AT_name
	.byte	2                               @ DW_AT_decl_file
	.byte	27                              @ DW_AT_decl_line
                                        @ DW_AT_external
	.byte	12                              @ Abbrev [12] 0x19a:0x24 DW_TAG_subprogram
	.long	.Lfunc_begin3                   @ DW_AT_low_pc
	.long	.Lfunc_end3-.Lfunc_begin3       @ DW_AT_high_pc
	.byte	1                               @ DW_AT_frame_base
	.byte	93
	.long	.Linfo_string21                 @ DW_AT_name
	.byte	2                               @ DW_AT_decl_file
	.byte	32                              @ DW_AT_decl_line
                                        @ DW_AT_prototyped
	.long	446                             @ DW_AT_type
                                        @ DW_AT_external
	.byte	13                              @ Abbrev [13] 0x1af:0xe DW_TAG_formal_parameter
	.byte	2                               @ DW_AT_location
	.byte	145
	.byte	8
	.long	.Linfo_string22                 @ DW_AT_name
	.byte	2                               @ DW_AT_decl_file
	.byte	32                              @ DW_AT_decl_line
	.long	457                             @ DW_AT_type
	.byte	0                               @ End Of Children Mark
	.byte	5                               @ Abbrev [5] 0x1be:0xb DW_TAG_typedef
	.long	67                              @ DW_AT_type
	.long	.Linfo_string18                 @ DW_AT_name
	.byte	3                               @ DW_AT_decl_file
	.byte	25                              @ DW_AT_decl_line
	.byte	15                              @ Abbrev [15] 0x1c9:0x5 DW_TAG_pointer_type
	.long	216                             @ DW_AT_type
	.byte	0                               @ End Of Children Mark
.Ldebug_info_end0:
	.section	.debug_ranges,"",%progbits
.Ldebug_ranges0:
	.long	.Lfunc_begin0
	.long	.Lfunc_end0
	.long	.Lfunc_begin1
	.long	.Lfunc_end1
	.long	.Lfunc_begin2
	.long	.Lfunc_end2
	.long	.Lfunc_begin3
	.long	.Lfunc_end3
	.long	0
	.long	0
	.section	.debug_str,"MS",%progbits,1
.Linfo_string0:
	.asciz	"Component: Arm Compiler for Embedded 6.22 Tool: armclang [5ee92100]" @ string offset=0
.Linfo_string1:
	.asciz	"cfa.c"                         @ string offset=68
.Linfo_string2:
	.asciz	"P:\\Workspace\\Git\\MTB_CFA\\IOTKit_CM33_S_NS\\IOTKit_CM33_s" @ string offset=74
.Linfo_string3:
	.asciz	"attestationKey"                @ string offset=130
.Linfo_string4:
	.asciz	"unsigned char"                 @ string offset=145
.Linfo_string5:
	.asciz	"uint8_t"                       @ string offset=159
.Linfo_string6:
	.asciz	"__ARRAY_SIZE_TYPE__"           @ string offset=167
.Linfo_string7:
	.asciz	"char"                          @ string offset=187
.Linfo_string8:
	.asciz	"report_s"                      @ string offset=192
.Linfo_string9:
	.asciz	"status"                        @ string offset=201
.Linfo_string10:
	.asciz	"challenge"                     @ string offset=208
.Linfo_string11:
	.asciz	"signature"                     @ string offset=218
.Linfo_string12:
	.asciz	"report_size"                   @ string offset=228
.Linfo_string13:
	.asciz	"unsigned short"                @ string offset=240
.Linfo_string14:
	.asciz	"uint16_t"                      @ string offset=255
.Linfo_string15:
	.asciz	"report"                        @ string offset=264
.Linfo_string16:
	.asciz	"CFReport"                      @ string offset=271
.Linfo_string17:
	.asciz	"vCFA_copy_report"              @ string offset=280
.Linfo_string18:
	.asciz	"error_t"                       @ string offset=297
.Linfo_string19:
	.asciz	"vDebug_send_report_to_UART"    @ string offset=305
.Linfo_string20:
	.asciz	"vCFA_add_log"                  @ string offset=332
.Linfo_string21:
	.asciz	"eCFA_init_cfa"                 @ string offset=345
.Linfo_string22:
	.asciz	"report_ns"                     @ string offset=359
	.ident	"Component: Arm Compiler for Embedded 6.22 Tool: armclang [5ee92100]"
	.section	".note.GNU-stack","",%progbits
	.eabi_attribute	30, 6	@ Tag_ABI_optimization_goals
	.ARM_attribute	16, 1	@ Tag_AV_eba
	.section	.debug_line,"",%progbits
.Lline_table_start0:
